Release 14.7 - xst P.20131013 (nt64)
Copyright (c) 1995-2013 Xilinx, Inc.  All rights reserved.
--> Parameter TMPDIR set to xst/projnav.tmp


Total REAL time to Xst completion: 0.00 secs
Total CPU time to Xst completion: 0.27 secs
 
--> Parameter xsthdpdir set to xst


Total REAL time to Xst completion: 0.00 secs
Total CPU time to Xst completion: 0.28 secs
 
--> Reading design: controller.prj

TABLE OF CONTENTS
  1) Synthesis Options Summary
  2) HDL Parsing
  3) HDL Elaboration
  4) HDL Synthesis
       4.1) HDL Synthesis Report
  5) Advanced HDL Synthesis
       5.1) Advanced HDL Synthesis Report
  6) Low Level Synthesis
  7) Partition Report
  8) Design Summary
       8.1) Primitive and Black Box Usage
       8.2) Device utilization summary
       8.3) Partition Resource Summary
       8.4) Timing Report
            8.4.1) Clock Information
            8.4.2) Asynchronous Control Signals Information
            8.4.3) Timing Summary
            8.4.4) Timing Details
            8.4.5) Cross Clock Domains Report


=========================================================================
*                      Synthesis Options Summary                        *
=========================================================================
---- Source Parameters
Input File Name                    : "controller.prj"
Ignore Synthesis Constraint File   : NO

---- Target Parameters
Output File Name                   : "controller"
Output Format                      : NGC
Target Device                      : xc7a100t-3-csg324

---- Source Options
Top Module Name                    : controller
Automatic FSM Extraction           : YES
FSM Encoding Algorithm             : Auto
Safe Implementation                : No
FSM Style                          : LUT
RAM Extraction                     : Yes
RAM Style                          : Auto
ROM Extraction                     : Yes
Shift Register Extraction          : YES
ROM Style                          : Auto
Resource Sharing                   : YES
Asynchronous To Synchronous        : NO
Shift Register Minimum Size        : 2
Use DSP Block                      : Auto
Automatic Register Balancing       : No

---- Target Options
LUT Combining                      : Auto
Reduce Control Sets                : Auto
Add IO Buffers                     : YES
Global Maximum Fanout              : 100000
Add Generic Clock Buffer(BUFG)     : 32
Register Duplication               : YES
Optimize Instantiated Primitives   : NO
Use Clock Enable                   : Auto
Use Synchronous Set                : Auto
Use Synchronous Reset              : Auto
Pack IO Registers into IOBs        : Auto
Equivalent register Removal        : YES

---- General Options
Optimization Goal                  : Speed
Optimization Effort                : 1
Power Reduction                    : NO
Keep Hierarchy                     : No
Netlist Hierarchy                  : As_Optimized
RTL Output                         : Yes
Global Optimization                : AllClockNets
Read Cores                         : YES
Write Timing Constraints           : NO
Cross Clock Analysis               : NO
Hierarchy Separator                : /
Bus Delimiter                      : <>
Case Specifier                     : Maintain
Slice Utilization Ratio            : 100
BRAM Utilization Ratio             : 100
DSP48 Utilization Ratio            : 100
Auto BRAM Packing                  : NO
Slice Utilization Ratio Delta      : 5

=========================================================================


=========================================================================
*                          HDL Parsing                                  *
=========================================================================
Analyzing Verilog file "C:\Users\ASUS.PIESC\Desktop\Logic Circuit Final Project Section-02\module_7\register.v" into library work
Parsing module <register>.
Analyzing Verilog file "C:\Users\ASUS.PIESC\Desktop\Logic Circuit Final Project Section-02\module_7\fsm.v" into library work
Parsing module <fsm>.
Analyzing Verilog file "C:\Users\ASUS.PIESC\Desktop\Logic Circuit Final Project Section-02\module_7\controller.v" into library work
Parsing module <controller>.

=========================================================================
*                            HDL Elaboration                            *
=========================================================================

Elaborating module <controller>.

Elaborating module <fsm>.

Elaborating module <register>.

=========================================================================
*                           HDL Synthesis                               *
=========================================================================

Synthesizing Unit <controller>.
    Related source file is "C:\Users\ASUS.PIESC\Desktop\Logic Circuit Final Project Section-02\module_7\controller.v".
WARNING:Xst:737 - Found 1-bit latch for signal <data_Q<6>>. Latches may be generated from incomplete case or if statements. We do not recommend the use of latches in FPGA/CPLD designs, as they may lead to timing problems.
WARNING:Xst:737 - Found 1-bit latch for signal <data_Q<5>>. Latches may be generated from incomplete case or if statements. We do not recommend the use of latches in FPGA/CPLD designs, as they may lead to timing problems.
WARNING:Xst:737 - Found 1-bit latch for signal <data_Q<4>>. Latches may be generated from incomplete case or if statements. We do not recommend the use of latches in FPGA/CPLD designs, as they may lead to timing problems.
WARNING:Xst:737 - Found 1-bit latch for signal <data_Q<3>>. Latches may be generated from incomplete case or if statements. We do not recommend the use of latches in FPGA/CPLD designs, as they may lead to timing problems.
WARNING:Xst:737 - Found 1-bit latch for signal <data_Q<2>>. Latches may be generated from incomplete case or if statements. We do not recommend the use of latches in FPGA/CPLD designs, as they may lead to timing problems.
WARNING:Xst:737 - Found 1-bit latch for signal <data_Q<1>>. Latches may be generated from incomplete case or if statements. We do not recommend the use of latches in FPGA/CPLD designs, as they may lead to timing problems.
WARNING:Xst:737 - Found 1-bit latch for signal <data_Q<0>>. Latches may be generated from incomplete case or if statements. We do not recommend the use of latches in FPGA/CPLD designs, as they may lead to timing problems.
WARNING:Xst:737 - Found 1-bit latch for signal <data_P<7>>. Latches may be generated from incomplete case or if statements. We do not recommend the use of latches in FPGA/CPLD designs, as they may lead to timing problems.
WARNING:Xst:737 - Found 1-bit latch for signal <data_P<6>>. Latches may be generated from incomplete case or if statements. We do not recommend the use of latches in FPGA/CPLD designs, as they may lead to timing problems.
WARNING:Xst:737 - Found 1-bit latch for signal <data_P<5>>. Latches may be generated from incomplete case or if statements. We do not recommend the use of latches in FPGA/CPLD designs, as they may lead to timing problems.
WARNING:Xst:737 - Found 1-bit latch for signal <data_P<4>>. Latches may be generated from incomplete case or if statements. We do not recommend the use of latches in FPGA/CPLD designs, as they may lead to timing problems.
WARNING:Xst:737 - Found 1-bit latch for signal <data_P<3>>. Latches may be generated from incomplete case or if statements. We do not recommend the use of latches in FPGA/CPLD designs, as they may lead to timing problems.
WARNING:Xst:737 - Found 1-bit latch for signal <data_P<2>>. Latches may be generated from incomplete case or if statements. We do not recommend the use of latches in FPGA/CPLD designs, as they may lead to timing problems.
WARNING:Xst:737 - Found 1-bit latch for signal <data_P<1>>. Latches may be generated from incomplete case or if statements. We do not recommend the use of latches in FPGA/CPLD designs, as they may lead to timing problems.
WARNING:Xst:737 - Found 1-bit latch for signal <data_P<0>>. Latches may be generated from incomplete case or if statements. We do not recommend the use of latches in FPGA/CPLD designs, as they may lead to timing problems.
WARNING:Xst:737 - Found 1-bit latch for signal <data_Q<7>>. Latches may be generated from incomplete case or if statements. We do not recommend the use of latches in FPGA/CPLD designs, as they may lead to timing problems.
    Summary:
	inferred  16 Latch(s).
Unit <controller> synthesized.

Synthesizing Unit <fsm>.
    Related source file is "C:\Users\ASUS.PIESC\Desktop\Logic Circuit Final Project Section-02\module_7\fsm.v".
        A = 3'b000
        B = 3'b001
        C = 3'b101
        D = 3'b111
        E = 3'b110
    Found 3-bit register for signal <Prstate>.
    Found 8x1-bit Read Only RAM for signal <Prstate[2]_PWR_6_o_Mux_22_o>
WARNING:Xst:737 - Found 1-bit latch for signal <Nxtstate<2>>. Latches may be generated from incomplete case or if statements. We do not recommend the use of latches in FPGA/CPLD designs, as they may lead to timing problems.
WARNING:Xst:737 - Found 1-bit latch for signal <Nxtstate<1>>. Latches may be generated from incomplete case or if statements. We do not recommend the use of latches in FPGA/CPLD designs, as they may lead to timing problems.
WARNING:Xst:737 - Found 1-bit latch for signal <Nxtstate<0>>. Latches may be generated from incomplete case or if statements. We do not recommend the use of latches in FPGA/CPLD designs, as they may lead to timing problems.
WARNING:Xst:737 - Found 1-bit latch for signal <en_P>. Latches may be generated from incomplete case or if statements. We do not recommend the use of latches in FPGA/CPLD designs, as they may lead to timing problems.
WARNING:Xst:737 - Found 1-bit latch for signal <en_Q>. Latches may be generated from incomplete case or if statements. We do not recommend the use of latches in FPGA/CPLD designs, as they may lead to timing problems.
    Summary:
	inferred   1 RAM(s).
	inferred   3 D-type flip-flop(s).
	inferred   5 Latch(s).
	inferred  19 Multiplexer(s).
Unit <fsm> synthesized.

Synthesizing Unit <register>.
    Related source file is "C:\Users\ASUS.PIESC\Desktop\Logic Circuit Final Project Section-02\module_7\register.v".
    Found 8-bit register for signal <Q>.
    Summary:
	inferred   8 D-type flip-flop(s).
Unit <register> synthesized.

=========================================================================
HDL Synthesis Report

Macro Statistics
# RAMs                                                 : 1
 8x1-bit single-port Read Only RAM                     : 1
# Registers                                            : 3
 3-bit register                                        : 1
 8-bit register                                        : 2
# Latches                                              : 21
 1-bit latch                                           : 21
# Multiplexers                                         : 19
 1-bit 2-to-1 multiplexer                              : 19
# Xors                                                 : 3
 1-bit xor2                                            : 3

=========================================================================

=========================================================================
*                       Advanced HDL Synthesis                          *
=========================================================================


Synthesizing (advanced) Unit <fsm>.
INFO:Xst:3218 - HDL ADVISOR - The RAM <Mram_Prstate[2]_PWR_6_o_Mux_22_o> will be implemented on LUTs either because you have described an asynchronous read or because of currently unsupported block RAM features. If you have described an asynchronous read, making it synchronous would allow you to take advantage of available block RAM resources, for optimized device usage and improved timings. Please refer to your documentation for coding guidelines.
    -----------------------------------------------------------------------
    | ram_type           | Distributed                         |          |
    -----------------------------------------------------------------------
    | Port A                                                              |
    |     aspect ratio   | 8-word x 1-bit                      |          |
    |     weA            | connected to signal <GND>           | high     |
    |     addrA          | connected to signal <Prstate>       |          |
    |     diA            | connected to signal <GND>           |          |
    |     doA            | connected to internal node          |          |
    -----------------------------------------------------------------------
Unit <fsm> synthesized (advanced).

=========================================================================
Advanced HDL Synthesis Report

Macro Statistics
# RAMs                                                 : 1
 8x1-bit single-port distributed Read Only RAM         : 1
# Registers                                            : 19
 Flip-Flops                                            : 19
# Multiplexers                                         : 19
 1-bit 2-to-1 multiplexer                              : 19
# Xors                                                 : 3
 1-bit xor2                                            : 3

=========================================================================

=========================================================================
*                         Low Level Synthesis                           *
=========================================================================

Optimizing unit <controller> ...

Optimizing unit <fsm> ...

Mapping all equations...
Building and optimizing final netlist ...
Found area constraint ratio of 100 (+ 5) on block controller, actual ratio is 0.

Final Macro Processing ...

=========================================================================
Final Register Report

Macro Statistics
# Registers                                            : 19
 Flip-Flops                                            : 19

=========================================================================

=========================================================================
*                           Partition Report                            *
=========================================================================

Partition Implementation Status
-------------------------------

  No Partitions were found in this design.

-------------------------------

=========================================================================
*                            Design Summary                             *
=========================================================================

Top Level Output File Name         : controller.ngc

Primitive and Black Box Usage:
------------------------------
# BELS                             : 10
#      INV                         : 1
#      LUT3                        : 1
#      LUT4                        : 4
#      LUT5                        : 3
#      LUT6                        : 1
# FlipFlops/Latches                : 40
#      FDCE                        : 3
#      FDRE                        : 16
#      LD                          : 21
# Clock Buffers                    : 1
#      BUFGP                       : 1
# IO Buffers                       : 33
#      IBUF                        : 17
#      OBUF                        : 16

Device utilization summary:
---------------------------

Selected Device : 7a100tcsg324-3 


Slice Logic Utilization: 
 Number of Slice Registers:              24  out of  126800     0%  
 Number of Slice LUTs:                   10  out of  63400     0%  
    Number used as Logic:                10  out of  63400     0%  

Slice Logic Distribution: 
 Number of LUT Flip Flop pairs used:     27
   Number with an unused Flip Flop:       3  out of     27    11%  
   Number with an unused LUT:            17  out of     27    62%  
   Number of fully used LUT-FF pairs:     7  out of     27    25%  
   Number of unique control sets:         6

IO Utilization: 
 Number of IOs:                          34
 Number of bonded IOBs:                  34  out of    210    16%  
    IOB Flip Flops/Latches:              16

Specific Feature Utilization:
 Number of BUFG/BUFGCTRLs:                1  out of     32     3%  

---------------------------
Partition Resource Summary:
---------------------------

  No Partitions were found in this design.

---------------------------


=========================================================================
Timing Report

NOTE: THESE TIMING NUMBERS ARE ONLY A SYNTHESIS ESTIMATE.
      FOR ACCURATE TIMING INFORMATION PLEASE REFER TO THE TRACE REPORT
      GENERATED AFTER PLACE-and-ROUTE.

Clock Information:
------------------
-----------------------------------------------------------------------------------+-------------------------+-------+
Clock Signal                                                                       | Clock buffer(FF name)   | Load  |
-----------------------------------------------------------------------------------+-------------------------+-------+
system_token[0]_system_token[2]_AND_5_o(system_token[0]_system_token[2]_AND_5_o1:O)| NONE(*)(data_P_5)       | 16    |
clock                                                                              | BUFGP                   | 19    |
fsm1/Mram_Prstate[2]_PWR_6_o_Mux_22_o(fsm1/Mram_Prstate[2]_PWR_6_o_Mux_22_o11:O)   | NONE(*)(fsm1/en_P)      | 2     |
fsm1/Prstate[2]_request_Mux_13_o(fsm1/Prstate[2]_request_Mux_13_o1:O)              | NONE(*)(fsm1/Nxtstate_2)| 3     |
-----------------------------------------------------------------------------------+-------------------------+-------+
(*) These 3 clock signal(s) are generated by combinatorial logic,
and XST is not able to identify which are the primary clock signals.
Please use the CLOCK_SIGNAL constraint to specify the clock signal(s) generated by combinatorial logic.
INFO:Xst:2169 - HDL ADVISOR - Some clock signals were not automatically buffered by XST with BUFG/BUFR resources. Please use the buffer_type constraint in order to insert these buffers to the clock signals to help prevent skew problems.

Asynchronous Control Signals Information:
----------------------------------------
No asynchronous control signals found in this design

Timing Summary:
---------------
Speed Grade: -3

   Minimum period: No path found
   Minimum input arrival time before clock: 1.322ns
   Maximum output required time after clock: 0.751ns
   Maximum combinational path delay: No path found

Timing Details:
---------------
All values displayed in nanoseconds (ns)

=========================================================================
Timing constraint: Default OFFSET IN BEFORE for Clock 'clock'
  Total number of paths / destination ports: 38 / 38
-------------------------------------------------------------------------
Offset:              1.119ns (Levels of Logic = 2)
  Source:            reset (PAD)
  Destination:       qr/Q_7 (FF)
  Destination Clock: clock rising

  Data Path: reset to qr/Q_7
                                Gate     Net
    Cell:in->out      fanout   Delay   Delay  Logical Name (Net Name)
    ----------------------------------------  ------------
     IBUF:I->O             4   0.001   0.293  reset_IBUF (reset_IBUF)
     INV:I->O             19   0.113   0.363  pr/RST_inv1_INV_0 (fsm1/RST_inv)
     FDCE:CLR                  0.349          fsm1/Prstate_0
    ----------------------------------------
    Total                      1.119ns (0.463ns logic, 0.656ns route)
                                       (41.4% logic, 58.6% route)

=========================================================================
Timing constraint: Default OFFSET IN BEFORE for Clock 'fsm1/Mram_Prstate[2]_PWR_6_o_Mux_22_o'
  Total number of paths / destination ports: 8 / 2
-------------------------------------------------------------------------
Offset:              1.322ns (Levels of Logic = 3)
  Source:            TimeData<7> (PAD)
  Destination:       fsm1/en_P (LATCH)
  Destination Clock: fsm1/Mram_Prstate[2]_PWR_6_o_Mux_22_o falling

  Data Path: TimeData<7> to fsm1/en_P
                                Gate     Net
    Cell:in->out      fanout   Delay   Delay  Logical Name (Net Name)
    ----------------------------------------  ------------
     IBUF:I->O             3   0.001   0.566  TimeData_7_IBUF (TimeData_7_IBUF)
     LUT4:I0->O            2   0.097   0.561  fsm1/time_data[7]_PWR_2_o_equal_19_o<7>1 (fsm1/time_data[7]_PWR_2_o_equal_19_o)
     LUT4:I0->O            1   0.097   0.000  fsm1/Mmux_Prstate[2]_time_data[7]_Mux_23_o11 (fsm1/Prstate[2]_time_data[7]_Mux_23_o)
     LD:D                     -0.028          fsm1/en_Q
    ----------------------------------------
    Total                      1.322ns (0.195ns logic, 1.127ns route)
                                       (14.8% logic, 85.2% route)

=========================================================================
Timing constraint: Default OFFSET IN BEFORE for Clock 'fsm1/Prstate[2]_request_Mux_13_o'
  Total number of paths / destination ports: 5 / 3
-------------------------------------------------------------------------
Offset:              0.795ns (Levels of Logic = 2)
  Source:            request (PAD)
  Destination:       fsm1/Nxtstate_0 (LATCH)
  Destination Clock: fsm1/Prstate[2]_request_Mux_13_o falling

  Data Path: request to fsm1/Nxtstate_0
                                Gate     Net
    Cell:in->out      fanout   Delay   Delay  Logical Name (Net Name)
    ----------------------------------------  ------------
     IBUF:I->O             4   0.001   0.697  request_IBUF (request_IBUF)
     LUT5:I0->O            1   0.097   0.000  fsm1/Mmux_Prstate[2]_Nxtstate[2]_Mux_16_o11 (fsm1/Prstate[2]_Nxtstate[2]_Mux_16_o)
     LD:D                     -0.028          fsm1/Nxtstate_0
    ----------------------------------------
    Total                      0.795ns (0.098ns logic, 0.697ns route)
                                       (12.3% logic, 87.7% route)

=========================================================================
Timing constraint: Default OFFSET OUT AFTER for Clock 'system_token[0]_system_token[2]_AND_5_o'
  Total number of paths / destination ports: 16 / 16
-------------------------------------------------------------------------
Offset:              0.751ns (Levels of Logic = 1)
  Source:            data_Q_7 (LATCH)
  Destination:       data_Q<7> (PAD)
  Source Clock:      system_token[0]_system_token[2]_AND_5_o falling

  Data Path: data_Q_7 to data_Q<7>
                                Gate     Net
    Cell:in->out      fanout   Delay   Delay  Logical Name (Net Name)
    ----------------------------------------  ------------
     LD:G->Q               1   0.472   0.279  data_Q_7 (data_Q_7)
     OBUF:I->O                 0.000          data_Q_7_OBUF (data_Q<7>)
    ----------------------------------------
    Total                      0.751ns (0.472ns logic, 0.279ns route)
                                       (62.8% logic, 37.2% route)

=========================================================================

Cross Clock Domains Report:
--------------------------

Clock to Setup on destination clock clock
-------------------------------------+---------+---------+---------+---------+
                                     | Src:Rise| Src:Fall| Src:Rise| Src:Fall|
Source Clock                         |Dest:Rise|Dest:Rise|Dest:Fall|Dest:Fall|
-------------------------------------+---------+---------+---------+---------+
fsm1/Mram_Prstate[2]_PWR_6_o_Mux_22_o|         |    0.878|         |         |
fsm1/Prstate[2]_request_Mux_13_o     |         |    0.759|         |         |
-------------------------------------+---------+---------+---------+---------+

Clock to Setup on destination clock fsm1/Mram_Prstate[2]_PWR_6_o_Mux_22_o
---------------+---------+---------+---------+---------+
               | Src:Rise| Src:Fall| Src:Rise| Src:Fall|
Source Clock   |Dest:Rise|Dest:Rise|Dest:Fall|Dest:Fall|
---------------+---------+---------+---------+---------+
clock          |         |         |    0.997|         |
---------------+---------+---------+---------+---------+

Clock to Setup on destination clock fsm1/Prstate[2]_request_Mux_13_o
---------------+---------+---------+---------+---------+
               | Src:Rise| Src:Fall| Src:Rise| Src:Fall|
Source Clock   |Dest:Rise|Dest:Rise|Dest:Fall|Dest:Fall|
---------------+---------+---------+---------+---------+
clock          |         |         |    1.042|         |
---------------+---------+---------+---------+---------+

Clock to Setup on destination clock system_token[0]_system_token[2]_AND_5_o
---------------+---------+---------+---------+---------+
               | Src:Rise| Src:Fall| Src:Rise| Src:Fall|
Source Clock   |Dest:Rise|Dest:Rise|Dest:Fall|Dest:Fall|
---------------+---------+---------+---------+---------+
clock          |         |         |    0.640|         |
---------------+---------+---------+---------+---------+

=========================================================================


Total REAL time to Xst completion: 12.00 secs
Total CPU time to Xst completion: 11.82 secs
 
--> 

Total memory usage is 4617708 kilobytes

Number of errors   :    0 (   0 filtered)
Number of warnings :   21 (   0 filtered)
Number of infos    :    2 (   0 filtered)

